<?xml version="1.0" encoding="UTF-8"?>
<!-- Generated by org.testng.reporters.JUnitReportReporter -->
<testsuite hostname="DESKTOP-FRKOTJR" failures="0" tests="1" name="logotstpkg.Logotestcls" time="106.574" errors="0" timestamp="2023-12-11T15:25:11 IST" skipped="0">
  <testcase classname="logotstpkg.Logotestcls" name="test" time="106.574"/>
  <system-out/>
</testsuite> <!-- logotstpkg.Logotestcls -->
